Performance Statistics   2017-03-28 15:21:30 - 2017-03-28 15:22:00
Tag                                                  Avg(ms)         Min         Max     Std Dev       Count
Messages.searchClasspath                                 0,1           0          18         1,0         422
Messages.searchFiles                                     0,0           0          12         0,6         422

Performance Statistics   2017-03-28 15:22:00 - 2017-03-28 15:22:30
Tag                                                  Avg(ms)         Min         Max     Std Dev       Count
Messages.searchClasspath                                 0,1           0           7         0,4         477
Messages.searchFiles                                     0,0           0           1         0,1         477
Metadata.replaceExtendedMetaClasses                      2,0           2           2         0,0           1
Scheduling.processTasks                                  6,8           2          85        17,5          21

Performance Statistics   2017-03-28 15:22:30 - 2017-03-28 15:23:00
Tag                                                  Avg(ms)         Min         Max     Std Dev       Count
Scheduling.processTasks                                  2,0           1           5         0,7          30
ViewRepository.init.ViewRepositoryImpl                  75,0          75          75         0,0           1
ViewRepository.replaceOverridden                         0,0           0           0         0,0          11

Performance Statistics   2017-03-28 15:23:00 - 2017-03-28 15:23:30
Tag                                                  Avg(ms)         Min         Max     Std Dev       Count
Scheduling.processTasks                                  1,7           1           4         0,7          30

Performance Statistics   2017-03-28 15:23:30 - 2017-03-28 15:24:00
Tag                                                  Avg(ms)         Min         Max     Std Dev       Count
LoadClass                                                0,0           0          11         0,4        2017
Messages.searchClasspath                                 0,0           0           4         0,2        1959
Messages.searchFiles                                     0,0           0           0         0,0        1959
Messages.searchRemotely                                  0,7           0          15         1,7         119
Metadata.replaceExtendedMetaClasses                      2,0           2           2         0,0           1
Scheduling.processTasks                                  2,1           1           3         0,6          30
ViewRepository.init.ViewRepositoryClientImpl            61,0          61          61         0,0           1
ViewRepository.replaceOverridden                         0,4           0           1         0,5          11

Performance Statistics   2017-03-28 15:24:00 - 2017-03-28 15:24:30
Tag                                                  Avg(ms)         Min         Max     Std Dev       Count
AppFolders                                            2322,0        2322        2322         0,0           1
LoadClass                                                0,2           0           6         0,6         212
Messages.searchClasspath                                 0,0           0           2         0,1        8032
Messages.searchFiles                                     0,0           0           8         0,1        8032
Messages.searchRemotely                                  0,4           0           9         0,7         496
Scheduling.processTasks                                  1,5           1           4         0,7          30
SearchFolders                                           25,0          25          25         0,0           1

Performance Statistics   2017-03-28 15:24:30 - 2017-03-28 15:25:00
Tag                                                  Avg(ms)         Min         Max     Std Dev       Count
Scheduling.processTasks                                  1,4           1           2         0,5          30

Performance Statistics   2017-03-28 15:25:00 - 2017-03-28 15:25:30
Tag                                                  Avg(ms)         Min         Max     Std Dev       Count
Scheduling.processTasks                                  1,4           1           2         0,5          30

Performance Statistics   2017-03-28 15:25:30 - 2017-03-28 15:26:00
Tag                                                  Avg(ms)         Min         Max     Std Dev       Count
Scheduling.processTasks                                  1,2           1           2         0,4          30

Performance Statistics   2017-03-28 15:26:00 - 2017-03-28 15:26:30
Tag                                                  Avg(ms)         Min         Max     Std Dev       Count
Scheduling.processTasks                                  1,1           1           2         0,3          30

Performance Statistics   2017-03-28 15:26:30 - 2017-03-28 15:27:00
Tag                                                  Avg(ms)         Min         Max     Std Dev       Count
Scheduling.processTasks                                  1,1           1           2         0,2          30

Performance Statistics   2017-03-28 15:27:00 - 2017-03-28 15:27:30
Tag                                                  Avg(ms)         Min         Max     Std Dev       Count
AppFolders                                               5,0           5           5         0,0           1
Scheduling.processTasks                                  1,1           1           2         0,3          30

Performance Statistics   2017-03-28 15:27:30 - 2017-03-28 15:28:00
Tag                                                  Avg(ms)         Min         Max     Std Dev       Count
Scheduling.processTasks                                  1,0           1           1         0,0          30

Performance Statistics   2017-03-28 15:28:00 - 2017-03-28 15:28:30
Tag                                                  Avg(ms)         Min         Max     Std Dev       Count
Scheduling.processTasks                                  1,0           1           1         0,0          30

Performance Statistics   2017-03-28 15:28:30 - 2017-03-28 15:29:00
Tag                                                  Avg(ms)         Min         Max     Std Dev       Count
Scheduling.processTasks                                  1,0           1           1         0,0          30

Performance Statistics   2017-03-28 15:29:00 - 2017-03-28 15:29:30
Tag                                                  Avg(ms)         Min         Max     Std Dev       Count
Scheduling.processTasks                                  1,0           1           1         0,0          30

Performance Statistics   2017-03-28 15:29:30 - 2017-03-28 15:30:00
Tag                                                  Avg(ms)         Min         Max     Std Dev       Count
Scheduling.processTasks                                  1,4           1          13         2,2          30

Performance Statistics   2017-03-28 15:30:00 - 2017-03-28 15:30:30
Tag                                                  Avg(ms)         Min         Max     Std Dev       Count
AppFolders                                               3,0           3           3         0,0           1
Scheduling.processTasks                                  1,0           1           1         0,0          14

Performance Statistics   2017-03-28 15:30:30 - 2017-03-28 15:31:00
Tag                                                  Avg(ms)         Min         Max     Std Dev       Count
Messages.searchClasspath                                 0,1           0          14         0,6         652
Messages.searchFiles                                     0,0           0           6         0,2         652

Performance Statistics   2017-03-28 15:31:00 - 2017-03-28 15:31:30
Tag                                                  Avg(ms)         Min         Max     Std Dev       Count
Messages.searchClasspath                                 0,1           0           5         0,4         247
Messages.searchFiles                                     0,0           0           2         0,2         247
Metadata.replaceExtendedMetaClasses                      2,0           2           2         0,0           1
Scheduling.processTasks                                  6,9           1         112        20,0          29

Performance Statistics   2017-03-28 15:31:30 - 2017-03-28 15:32:00
Tag                                                  Avg(ms)         Min         Max     Std Dev       Count
Scheduling.processTasks                                  2,0           1           4         0,6          30
ViewRepository.init.ViewRepositoryImpl                  56,0          56          56         0,0           1
ViewRepository.replaceOverridden                         0,1           0           1         0,3          11

Performance Statistics   2017-03-28 15:32:00 - 2017-03-28 15:32:30
Tag                                                  Avg(ms)         Min         Max     Std Dev       Count
Scheduling.processTasks                                  1,8           1           4         0,9          30

Performance Statistics   2017-03-28 15:32:30 - 2017-03-28 15:33:00
Tag                                                  Avg(ms)         Min         Max     Std Dev       Count
Scheduling.processTasks                                  1,6           1           2         0,5          30

Performance Statistics   2017-03-28 15:33:00 - 2017-03-28 15:33:30
Tag                                                  Avg(ms)         Min         Max     Std Dev       Count
AppFolders                                            2437,0        2437        2437         0,0           1
LoadClass                                                0,1           0           8         0,3        2235
Messages.searchClasspath                                 0,0           0          13         0,1       36112
Messages.searchFiles                                     0,0           0          17         0,1       36113
Messages.searchRemotely                                  0,2           0          19         0,9        2218
Metadata.replaceExtendedMetaClasses                      1,0           1           1         0,0           1
Scheduling.processTasks                                  1,8           1           3         0,7          30
SearchFolders                                           19,0          19          19         0,0           1
ViewRepository.init.ViewRepositoryClientImpl            56,0          56          56         0,0           1
ViewRepository.replaceOverridden                         0,4           0           3         0,9          11

Performance Statistics   2017-03-28 15:33:30 - 2017-03-28 15:34:00
Tag                                                  Avg(ms)         Min         Max     Std Dev       Count
Messages.searchClasspath                                 0,0           0           0         0,0         115
Messages.searchFiles                                     0,0           0           0         0,0         115
Messages.searchRemotely                                  0,0           0           0         0,0           7
Scheduling.processTasks                                  1,3           1           5         0,8          30

Performance Statistics   2017-03-28 15:34:00 - 2017-03-28 15:34:30
Tag                                                  Avg(ms)         Min         Max     Std Dev       Count
Scheduling.processTasks                                  1,4           1           3         0,6          19

Performance Statistics   2017-03-28 15:34:30 - 2017-03-28 15:35:00
Tag                                                  Avg(ms)         Min         Max     Std Dev       Count
Messages.searchClasspath                                 0,1           0          21         1,0         652
Messages.searchFiles                                     0,0           0           7         0,4         652

Performance Statistics   2017-03-28 15:35:00 - 2017-03-28 15:35:30
Tag                                                  Avg(ms)         Min         Max     Std Dev       Count
Messages.searchClasspath                                 0,1           0           3         0,3         247
Messages.searchFiles                                     0,0           0           1         0,1         247
Metadata.replaceExtendedMetaClasses                      4,0           4           4         0,0           1
Scheduling.processTasks                                  7,5           2         100        19,0          26

Performance Statistics   2017-03-28 15:35:30 - 2017-03-28 15:36:00
Tag                                                  Avg(ms)         Min         Max     Std Dev       Count
Scheduling.processTasks                                  2,7           1          24         4,0          30
ViewRepository.init.ViewRepositoryImpl                  59,0          59          59         0,0           1
ViewRepository.replaceOverridden                         0,1           0           1         0,3          11

Performance Statistics   2017-03-28 15:36:00 - 2017-03-28 15:36:30
Tag                                                  Avg(ms)         Min         Max     Std Dev       Count
Scheduling.processTasks                                  2,4           1          26         4,4          30

Performance Statistics   2017-03-28 15:36:30 - 2017-03-28 15:37:00
Tag                                                  Avg(ms)         Min         Max     Std Dev       Count
AppFolders                                            2320,0        2320        2320         0,0           1
LoadClass                                                0,0           0           9         0,3        2229
Messages.searchClasspath                                 0,0           0           9         0,2        2553
Messages.searchFiles                                     0,0           0           0         0,0        2553
Messages.searchRemotely                                  0,7           0          15         1,7         155
Metadata.replaceExtendedMetaClasses                      2,0           2           2         0,0           1
Scheduling.processTasks                                  2,0           1           3         0,6          30
ViewRepository.init.ViewRepositoryClientImpl            64,0          64          64         0,0           1
ViewRepository.replaceOverridden                         0,7           0           1         0,4          11

Performance Statistics   2017-03-28 15:37:00 - 2017-03-28 15:37:30
Tag                                                  Avg(ms)         Min         Max     Std Dev       Count
LoadClass                                                0,6           0           6         1,2          34
Messages.searchClasspath                                 0,0           0           9         0,1       53883
Messages.searchFiles                                     0,0           0          12         0,1       53884
Messages.searchRemotely                                  0,2           0          17         0,8        3292
Scheduling.processTasks                                  2,3           1          24         4,1          30
SearchFolders                                           33,0          33          33         0,0           1

Performance Statistics   2017-03-28 15:37:30 - 2017-03-28 15:38:00
Tag                                                  Avg(ms)         Min         Max     Std Dev       Count
Scheduling.processTasks                                  1,1           1           2         0,3          30

Performance Statistics   2017-03-28 15:38:00 - 2017-03-28 15:38:30
Tag                                                  Avg(ms)         Min         Max     Std Dev       Count
Scheduling.processTasks                                  1,4           1           2         0,5          30

Performance Statistics   2017-03-28 15:38:30 - 2017-03-28 15:39:00
Tag                                                  Avg(ms)         Min         Max     Std Dev       Count
Scheduling.processTasks                                  1,1           1           2         0,3          30

Performance Statistics   2017-03-28 15:39:00 - 2017-03-28 15:39:30
Tag                                                  Avg(ms)         Min         Max     Std Dev       Count
Scheduling.processTasks                                  1,4           1           7         1,1          30

Performance Statistics   2017-03-28 15:39:30 - 2017-03-28 15:40:00
Tag                                                  Avg(ms)         Min         Max     Std Dev       Count
Scheduling.processTasks                                  1,0           0           2         0,3          30

Performance Statistics   2017-03-28 15:40:00 - 2017-03-28 15:40:30
Tag                                                  Avg(ms)         Min         Max     Std Dev       Count
AppFolders                                               4,0           4           4         0,0           1
Scheduling.processTasks                                  1,1           1           3         0,4          30

Performance Statistics   2017-03-28 15:40:30 - 2017-03-28 15:41:00
Tag                                                  Avg(ms)         Min         Max     Std Dev       Count
LoadClass                                                0,0           0           0         0,0           2
Scheduling.processTasks                                  1,1           1           3         0,4          30

Performance Statistics   2017-03-28 15:41:00 - 2017-03-28 15:41:30
Tag                                                  Avg(ms)         Min         Max     Std Dev       Count
LoadClass                                                0,0           0           0         0,0           2
Scheduling.processTasks                                  1,0           1           2         0,2          30

Performance Statistics   2017-03-28 15:41:30 - 2017-03-28 15:42:00
Tag                                                  Avg(ms)         Min         Max     Std Dev       Count
Scheduling.processTasks                                  1,0           1           1         0,0          30

Performance Statistics   2017-03-28 15:42:00 - 2017-03-28 15:42:30
Tag                                                  Avg(ms)         Min         Max     Std Dev       Count
Scheduling.processTasks                                  1,0           1           2         0,2          30

Performance Statistics   2017-03-28 15:42:30 - 2017-03-28 15:43:00
Tag                                                  Avg(ms)         Min         Max     Std Dev       Count
Scheduling.processTasks                                  1,1           1           2         0,2          30

Performance Statistics   2017-03-28 15:43:00 - 2017-03-28 15:43:30
Tag                                                  Avg(ms)         Min         Max     Std Dev       Count
AppFolders                                               4,0           4           4         0,0           1
Scheduling.processTasks                                  1,2           1           6         1,0          30

Performance Statistics   2017-03-28 15:43:30 - 2017-03-28 15:44:00
Tag                                                  Avg(ms)         Min         Max     Std Dev       Count
Scheduling.processTasks                                  1,0           1           1         0,0          30

Performance Statistics   2017-03-28 15:44:00 - 2017-03-28 15:44:30
Tag                                                  Avg(ms)         Min         Max     Std Dev       Count
Scheduling.processTasks                                  1,3           1           9         1,4          30

Performance Statistics   2017-03-28 15:44:30 - 2017-03-28 15:45:00
Tag                                                  Avg(ms)         Min         Max     Std Dev       Count
Scheduling.processTasks                                  1,1           1           2         0,2          30

Performance Statistics   2017-03-28 15:45:00 - 2017-03-28 15:45:30
Tag                                                  Avg(ms)         Min         Max     Std Dev       Count
Scheduling.processTasks                                  1,1           1           2         0,2          30

Performance Statistics   2017-03-28 15:45:30 - 2017-03-28 15:46:00
Tag                                                  Avg(ms)         Min         Max     Std Dev       Count
Scheduling.processTasks                                  1,1           1           2         0,2          30

Performance Statistics   2017-03-28 15:46:00 - 2017-03-28 15:46:30
Tag                                                  Avg(ms)         Min         Max     Std Dev       Count
AppFolders                                              20,0          20          20         0,0           1
Scheduling.processTasks                                  1,2           1           3         0,5          30

Performance Statistics   2017-03-28 15:46:30 - 2017-03-28 15:47:00
Tag                                                  Avg(ms)         Min         Max     Std Dev       Count
Scheduling.processTasks                                  1,5           1           5         1,0          30

Performance Statistics   2017-03-28 15:47:00 - 2017-03-28 15:47:30
Tag                                                  Avg(ms)         Min         Max     Std Dev       Count
Scheduling.processTasks                                  1,1           1           2         0,3          30

Performance Statistics   2017-03-28 15:47:30 - 2017-03-28 15:48:00
Tag                                                  Avg(ms)         Min         Max     Std Dev       Count
Scheduling.processTasks                                  1,2           0           3         0,5          30

Performance Statistics   2017-03-28 15:48:00 - 2017-03-28 15:48:30
Tag                                                  Avg(ms)         Min         Max     Std Dev       Count
Scheduling.processTasks                                  1,0           1           1         0,0          30

Performance Statistics   2017-03-28 15:48:30 - 2017-03-28 15:49:00
Tag                                                  Avg(ms)         Min         Max     Std Dev       Count
Scheduling.processTasks                                  1,0           1           2         0,2          30

Performance Statistics   2017-03-28 15:49:00 - 2017-03-28 15:49:30
Tag                                                  Avg(ms)         Min         Max     Std Dev       Count
AppFolders                                               3,0           3           3         0,0           1
Scheduling.processTasks                                  1,0           1           1         0,0          30

Performance Statistics   2017-03-28 15:49:30 - 2017-03-28 15:50:00
Tag                                                  Avg(ms)         Min         Max     Std Dev       Count
Scheduling.processTasks                                  1,0           1           1         0,0          30

Performance Statistics   2017-03-28 15:50:00 - 2017-03-28 15:50:30
Tag                                                  Avg(ms)         Min         Max     Std Dev       Count
Scheduling.processTasks                                  1,0           1           1         0,0          30

Performance Statistics   2017-03-28 15:50:30 - 2017-03-28 15:51:00
Tag                                                  Avg(ms)         Min         Max     Std Dev       Count
Scheduling.processTasks                                  1,0           1           2         0,2          30

Performance Statistics   2017-03-28 15:51:00 - 2017-03-28 15:51:30
Tag                                                  Avg(ms)         Min         Max     Std Dev       Count
Scheduling.processTasks                                  1,0           1           2         0,2          30

Performance Statistics   2017-03-28 15:51:30 - 2017-03-28 15:52:00
Tag                                                  Avg(ms)         Min         Max     Std Dev       Count
Scheduling.processTasks                                  1,0           1           1         0,0          30

Performance Statistics   2017-03-28 15:52:00 - 2017-03-28 15:52:30
Tag                                                  Avg(ms)         Min         Max     Std Dev       Count
AppFolders                                              19,0          19          19         0,0           1
Scheduling.processTasks                                  1,0           1           1         0,0          30

Performance Statistics   2017-03-28 15:52:30 - 2017-03-28 15:53:00
Tag                                                  Avg(ms)         Min         Max     Std Dev       Count
Scheduling.processTasks                                  1,0           1           2         0,2          30

Performance Statistics   2017-03-28 15:53:00 - 2017-03-28 15:53:30
Tag                                                  Avg(ms)         Min         Max     Std Dev       Count
Scheduling.processTasks                                  1,0           1           2         0,2          30

Performance Statistics   2017-03-28 15:53:30 - 2017-03-28 15:54:00
Tag                                                  Avg(ms)         Min         Max     Std Dev       Count
Scheduling.processTasks                                  1,0           1           1         0,0          30

Performance Statistics   2017-03-28 15:54:00 - 2017-03-28 15:54:30
Tag                                                  Avg(ms)         Min         Max     Std Dev       Count
Scheduling.processTasks                                  1,0           1           2         0,2          30

Performance Statistics   2017-03-28 15:54:30 - 2017-03-28 15:55:00
Tag                                                  Avg(ms)         Min         Max     Std Dev       Count
Scheduling.processTasks                                  1,0           0           1         0,2          30

Performance Statistics   2017-03-28 15:55:00 - 2017-03-28 15:55:30
Tag                                                  Avg(ms)         Min         Max     Std Dev       Count
AppFolders                                               3,0           3           3         0,0           1
Scheduling.processTasks                                  1,0           1           2         0,2          30

Performance Statistics   2017-03-28 15:55:30 - 2017-03-28 15:56:00
Tag                                                  Avg(ms)         Min         Max     Std Dev       Count
Scheduling.processTasks                                  1,2           1           3         0,5          30

Performance Statistics   2017-03-28 15:56:00 - 2017-03-28 15:56:30
Tag                                                  Avg(ms)         Min         Max     Std Dev       Count
Scheduling.processTasks                                  1,0           1           1         0,0          30

Performance Statistics   2017-03-28 15:56:30 - 2017-03-28 15:57:00
Tag                                                  Avg(ms)         Min         Max     Std Dev       Count
Scheduling.processTasks                                  0,9           0           1         0,2          30

Performance Statistics   2017-03-28 15:57:00 - 2017-03-28 15:57:30
Tag                                                  Avg(ms)         Min         Max     Std Dev       Count
Scheduling.processTasks                                  1,0           1           2         0,2          30

Performance Statistics   2017-03-28 15:57:30 - 2017-03-28 15:58:00
Tag                                                  Avg(ms)         Min         Max     Std Dev       Count
Scheduling.processTasks                                  1,3           1           9         1,4          30

Performance Statistics   2017-03-28 15:58:00 - 2017-03-28 15:58:30
Tag                                                  Avg(ms)         Min         Max     Std Dev       Count
AppFolders                                              17,0          17          17         0,0           1
Scheduling.processTasks                                  1,0           1           1         0,0          30

Performance Statistics   2017-03-28 15:58:30 - 2017-03-28 15:59:00
Tag                                                  Avg(ms)         Min         Max     Std Dev       Count
Scheduling.processTasks                                  1,0           0           1         0,2          30

Performance Statistics   2017-03-28 15:59:00 - 2017-03-28 15:59:30
Tag                                                  Avg(ms)         Min         Max     Std Dev       Count
Scheduling.processTasks                                  1,1           1           4         0,5          30

Performance Statistics   2017-03-28 15:59:30 - 2017-03-28 16:00:00
Tag                                                  Avg(ms)         Min         Max     Std Dev       Count
Scheduling.processTasks                                  1,2           0           5         0,8          30

Performance Statistics   2017-03-28 16:00:00 - 2017-03-28 16:00:30
Tag                                                  Avg(ms)         Min         Max     Std Dev       Count
Scheduling.processTasks                                  1,1           1           2         0,2          30

Performance Statistics   2017-03-28 16:00:30 - 2017-03-28 16:01:00
Tag                                                  Avg(ms)         Min         Max     Std Dev       Count
Scheduling.processTasks                                  1,0           0           2         0,3          30

Performance Statistics   2017-03-28 16:01:00 - 2017-03-28 16:01:30
Tag                                                  Avg(ms)         Min         Max     Std Dev       Count
AppFolders                                               4,0           4           4         0,0           1
Scheduling.processTasks                                  1,0           1           2         0,2          30

Performance Statistics   2017-03-28 16:01:30 - 2017-03-28 16:02:00
Tag                                                  Avg(ms)         Min         Max     Std Dev       Count
Scheduling.processTasks                                  0,9           0           1         0,2          30

Performance Statistics   2017-03-28 16:02:00 - 2017-03-28 16:02:30
Tag                                                  Avg(ms)         Min         Max     Std Dev       Count
Scheduling.processTasks                                  1,0           1           1         0,0          30

Performance Statistics   2017-03-28 16:02:30 - 2017-03-28 16:03:00
Tag                                                  Avg(ms)         Min         Max     Std Dev       Count
Scheduling.processTasks                                  1,0           1           1         0,0          30

Performance Statistics   2017-03-28 16:03:00 - 2017-03-28 16:03:30
Tag                                                  Avg(ms)         Min         Max     Std Dev       Count
Scheduling.processTasks                                  1,0           1           1         0,0          30

Performance Statistics   2017-03-28 16:03:30 - 2017-03-28 16:04:00
Tag                                                  Avg(ms)         Min         Max     Std Dev       Count
Scheduling.processTasks                                  1,0           1           1         0,0          30

Performance Statistics   2017-03-28 16:04:00 - 2017-03-28 16:04:30
Tag                                                  Avg(ms)         Min         Max     Std Dev       Count
AppFolders                                               3,0           3           3         0,0           1
Scheduling.processTasks                                  1,0           1           1         0,0          30

Performance Statistics   2017-03-28 16:04:30 - 2017-03-28 16:05:00
Tag                                                  Avg(ms)         Min         Max     Std Dev       Count
Scheduling.processTasks                                  1,3           1           9         1,4          30

Performance Statistics   2017-03-28 16:05:00 - 2017-03-28 16:05:30
Tag                                                  Avg(ms)         Min         Max     Std Dev       Count
Scheduling.processTasks                                  1,0           1           2         0,2          30

Performance Statistics   2017-03-28 16:05:30 - 2017-03-28 16:06:00
Tag                                                  Avg(ms)         Min         Max     Std Dev       Count
Scheduling.processTasks                                  1,0           1           1         0,0          30

Performance Statistics   2017-03-28 16:06:00 - 2017-03-28 16:06:30
Tag                                                  Avg(ms)         Min         Max     Std Dev       Count
Scheduling.processTasks                                  1,0           1           1         0,0          30

Performance Statistics   2017-03-28 16:06:30 - 2017-03-28 16:07:00
Tag                                                  Avg(ms)         Min         Max     Std Dev       Count
Scheduling.processTasks                                  1,0           0           1         0,2          30

Performance Statistics   2017-03-28 16:07:00 - 2017-03-28 16:07:30
Tag                                                  Avg(ms)         Min         Max     Std Dev       Count
AppFolders                                               3,0           3           3         0,0           1
Scheduling.processTasks                                  1,0           1           1         0,0          30

Performance Statistics   2017-03-28 16:07:30 - 2017-03-28 16:08:00
Tag                                                  Avg(ms)         Min         Max     Std Dev       Count
Scheduling.processTasks                                  1,0           1           2         0,2          30

Performance Statistics   2017-03-28 16:08:00 - 2017-03-28 16:08:30
Tag                                                  Avg(ms)         Min         Max     Std Dev       Count
Scheduling.processTasks                                  1,0           1           1         0,0          30

Performance Statistics   2017-03-28 16:08:30 - 2017-03-28 16:09:00
Tag                                                  Avg(ms)         Min         Max     Std Dev       Count
Scheduling.processTasks                                  1,0           1           1         0,0          30

Performance Statistics   2017-03-28 16:09:00 - 2017-03-28 16:09:30
Tag                                                  Avg(ms)         Min         Max     Std Dev       Count
Scheduling.processTasks                                  1,7           1          15         2,7          30

Performance Statistics   2017-03-28 16:09:30 - 2017-03-28 16:10:00
Tag                                                  Avg(ms)         Min         Max     Std Dev       Count
Scheduling.processTasks                                  4,6           1          51         9,0          30

Performance Statistics   2017-03-28 16:10:00 - 2017-03-28 16:10:30
Tag                                                  Avg(ms)         Min         Max     Std Dev       Count
AppFolders                                               6,0           6           6         0,0           1
Scheduling.processTasks                                  2,6           1          23         4,3          30

Performance Statistics   2017-03-28 16:10:30 - 2017-03-28 16:11:00
Tag                                                  Avg(ms)         Min         Max     Std Dev       Count
Scheduling.processTasks                                  2,5           1          12         2,9          30

Performance Statistics   2017-03-28 16:11:00 - 2017-03-28 16:11:30
Tag                                                  Avg(ms)         Min         Max     Std Dev       Count
Scheduling.processTasks                                  1,8           1          13         2,3          30

Performance Statistics   2017-03-28 16:11:30 - 2017-03-28 16:12:00
Tag                                                  Avg(ms)         Min         Max     Std Dev       Count
Scheduling.processTasks                                  1,0           1           2         0,2          30

Performance Statistics   2017-03-28 16:12:00 - 2017-03-28 16:12:30
Tag                                                  Avg(ms)         Min         Max     Std Dev       Count
Scheduling.processTasks                                  1,0           1           1         0,0          30

Performance Statistics   2017-03-28 16:12:30 - 2017-03-28 16:13:00
Tag                                                  Avg(ms)         Min         Max     Std Dev       Count
Scheduling.processTasks                                  1,0           0           1         0,2          30

Performance Statistics   2017-03-28 16:13:00 - 2017-03-28 16:13:30
Tag                                                  Avg(ms)         Min         Max     Std Dev       Count
AppFolders                                               4,0           4           4         0,0           1
Scheduling.processTasks                                  1,2           1           3         0,5          30

Performance Statistics   2017-03-28 16:13:30 - 2017-03-28 16:14:00
Tag                                                  Avg(ms)         Min         Max     Std Dev       Count
Scheduling.processTasks                                  1,5           1           4         0,8          30

Performance Statistics   2017-03-28 16:14:00 - 2017-03-28 16:14:30
Tag                                                  Avg(ms)         Min         Max     Std Dev       Count
Scheduling.processTasks                                  1,3           1           6         1,1          30

Performance Statistics   2017-03-28 16:14:30 - 2017-03-28 16:15:00
Tag                                                  Avg(ms)         Min         Max     Std Dev       Count
Scheduling.processTasks                                  1,6           1           7         1,5          30

Performance Statistics   2017-03-28 16:15:00 - 2017-03-28 16:15:30
Tag                                                  Avg(ms)         Min         Max     Std Dev       Count
Scheduling.processTasks                                  1,3           1           5         1,0          30

Performance Statistics   2017-03-28 16:15:30 - 2017-03-28 16:16:00
Tag                                                  Avg(ms)         Min         Max     Std Dev       Count
Scheduling.processTasks                                  1,0           0           1         0,2          30

Performance Statistics   2017-03-28 16:16:00 - 2017-03-28 16:16:30
Tag                                                  Avg(ms)         Min         Max     Std Dev       Count
AppFolders                                               3,0           3           3         0,0           1
Scheduling.processTasks                                  1,0           0           1         0,2          30

Performance Statistics   2017-03-28 16:16:30 - 2017-03-28 16:17:00
Tag                                                  Avg(ms)         Min         Max     Std Dev       Count
Scheduling.processTasks                                  1,0           0           1         0,2          30

Performance Statistics   2017-03-28 16:17:00 - 2017-03-28 16:17:30
Tag                                                  Avg(ms)         Min         Max     Std Dev       Count
Scheduling.processTasks                                  1,0           1           2         0,2          30

Performance Statistics   2017-03-28 16:17:30 - 2017-03-28 16:18:00
Tag                                                  Avg(ms)         Min         Max     Std Dev       Count
Scheduling.processTasks                                  1,0           0           1         0,2          30

Performance Statistics   2017-03-28 16:18:00 - 2017-03-28 16:18:30
Tag                                                  Avg(ms)         Min         Max     Std Dev       Count
Scheduling.processTasks                                  1,3           1           9         1,4          30

Performance Statistics   2017-03-28 16:18:30 - 2017-03-28 16:19:00
Tag                                                  Avg(ms)         Min         Max     Std Dev       Count
Scheduling.processTasks                                  1,0           0           1         0,2          30

Performance Statistics   2017-03-28 16:19:00 - 2017-03-28 16:19:30
Tag                                                  Avg(ms)         Min         Max     Std Dev       Count
AppFolders                                               4,0           4           4         0,0           1
Scheduling.processTasks                                  1,0           1           1         0,0          30

Performance Statistics   2017-03-28 16:19:30 - 2017-03-28 16:20:00
Tag                                                  Avg(ms)         Min         Max     Std Dev       Count
Scheduling.processTasks                                  1,0           0           1         0,2          30

Performance Statistics   2017-03-28 16:20:00 - 2017-03-28 16:20:30
Tag                                                  Avg(ms)         Min         Max     Std Dev       Count
Scheduling.processTasks                                  1,0           1           1         0,0          30

Performance Statistics   2017-03-28 16:20:30 - 2017-03-28 16:21:00
Tag                                                  Avg(ms)         Min         Max     Std Dev       Count
Scheduling.processTasks                                  1,0           0           1         0,2          30

Performance Statistics   2017-03-28 16:21:00 - 2017-03-28 16:21:30
Tag                                                  Avg(ms)         Min         Max     Std Dev       Count
Scheduling.processTasks                                  1,0           1           1         0,0          30

Performance Statistics   2017-03-28 16:21:30 - 2017-03-28 16:22:00
Tag                                                  Avg(ms)         Min         Max     Std Dev       Count
Scheduling.processTasks                                  1,0           1           1         0,0          30

Performance Statistics   2017-03-28 16:22:00 - 2017-03-28 16:22:30
Tag                                                  Avg(ms)         Min         Max     Std Dev       Count
AppFolders                                               5,0           5           5         0,0           1
Scheduling.processTasks                                  1,0           1           2         0,2          30

Performance Statistics   2017-03-28 16:22:30 - 2017-03-28 16:23:00
Tag                                                  Avg(ms)         Min         Max     Std Dev       Count
Scheduling.processTasks                                  1,0           0           1         0,2          30

Performance Statistics   2017-03-28 16:23:00 - 2017-03-28 16:23:30
Tag                                                  Avg(ms)         Min         Max     Std Dev       Count
Scheduling.processTasks                                  1,0           1           1         0,0          30

Performance Statistics   2017-03-28 16:23:30 - 2017-03-28 16:24:00
Tag                                                  Avg(ms)         Min         Max     Std Dev       Count
Scheduling.processTasks                                  1,0           1           1         0,0          30

Performance Statistics   2017-03-28 16:24:00 - 2017-03-28 16:24:30
Tag                                                  Avg(ms)         Min         Max     Std Dev       Count
Scheduling.processTasks                                  1,0           1           1         0,0          30

Performance Statistics   2017-03-28 16:24:30 - 2017-03-28 16:25:00
Tag                                                  Avg(ms)         Min         Max     Std Dev       Count
Scheduling.processTasks                                  0,9           0           1         0,2          30

Performance Statistics   2017-03-28 16:25:00 - 2017-03-28 16:25:30
Tag                                                  Avg(ms)         Min         Max     Std Dev       Count
AppFolders                                               3,0           3           3         0,0           1
Scheduling.processTasks                                  1,0           0           1         0,2          30

Performance Statistics   2017-03-28 16:25:30 - 2017-03-28 16:26:00
Tag                                                  Avg(ms)         Min         Max     Std Dev       Count
Scheduling.processTasks                                  0,9           0           1         0,2          30

Performance Statistics   2017-03-28 16:26:00 - 2017-03-28 16:26:30
Tag                                                  Avg(ms)         Min         Max     Std Dev       Count
Scheduling.processTasks                                  1,0           1           1         0,0          30

Performance Statistics   2017-03-28 16:26:30 - 2017-03-28 16:27:00
Tag                                                  Avg(ms)         Min         Max     Std Dev       Count
Scheduling.processTasks                                  1,0           1           1         0,0          30

Performance Statistics   2017-03-28 16:27:00 - 2017-03-28 16:27:30
Tag                                                  Avg(ms)         Min         Max     Std Dev       Count
Scheduling.processTasks                                  1,0           1           1         0,0          30

Performance Statistics   2017-03-28 16:27:30 - 2017-03-28 16:28:00
Tag                                                  Avg(ms)         Min         Max     Std Dev       Count
Scheduling.processTasks                                  1,0           1           1         0,0          30

Performance Statistics   2017-03-28 16:28:00 - 2017-03-28 16:28:30
Tag                                                  Avg(ms)         Min         Max     Std Dev       Count
AppFolders                                               4,0           4           4         0,0           1
Scheduling.processTasks                                  1,0           1           1         0,0          30

Performance Statistics   2017-03-28 16:28:30 - 2017-03-28 16:29:00
Tag                                                  Avg(ms)         Min         Max     Std Dev       Count
Scheduling.processTasks                                  1,0           1           1         0,0          30

Performance Statistics   2017-03-28 16:29:00 - 2017-03-28 16:29:30
Tag                                                  Avg(ms)         Min         Max     Std Dev       Count
Scheduling.processTasks                                  1,1           1           3         0,4          30

Performance Statistics   2017-03-28 16:29:30 - 2017-03-28 16:30:00
Tag                                                  Avg(ms)         Min         Max     Std Dev       Count
Scheduling.processTasks                                  1,0           1           2         0,2          30

Performance Statistics   2017-03-28 16:30:00 - 2017-03-28 16:30:30
Tag                                                  Avg(ms)         Min         Max     Std Dev       Count
Scheduling.processTasks                                  1,0           1           1         0,0          30

Performance Statistics   2017-03-28 16:30:30 - 2017-03-28 16:31:00
Tag                                                  Avg(ms)         Min         Max     Std Dev       Count
Scheduling.processTasks                                  1,0           0           2         0,3          30

Performance Statistics   2017-03-28 16:31:00 - 2017-03-28 16:31:30
Tag                                                  Avg(ms)         Min         Max     Std Dev       Count
AppFolders                                               3,0           3           3         0,0           1
Scheduling.processTasks                                  1,0           1           1         0,0          30

Performance Statistics   2017-03-28 16:31:30 - 2017-03-28 16:32:00
Tag                                                  Avg(ms)         Min         Max     Std Dev       Count
Scheduling.processTasks                                  1,1           1           3         0,4          30

Performance Statistics   2017-03-28 16:32:00 - 2017-03-28 16:32:30
Tag                                                  Avg(ms)         Min         Max     Std Dev       Count
Scheduling.processTasks                                  1,0           1           1         0,0          30

