мар 28, 2017 3:21:51 PM org.apache.catalina.core.AprLifecycleListener lifecycleEvent
INFO: The APR based Apache Tomcat Native library which allows optimal performance in production environments was not found on the java.library.path: C:\Program Files\Java\jdk1.8.0_121\bin;C:\WINDOWS\Sun\Java\bin;C:\WINDOWS\system32;C:\WINDOWS;"C:\gradle-3.4.1\bin\";C:\Program Files\python\Scripts\;C:\Program Files\python\;C:\ProgramData\Oracle\Java\javapath;C:\Windows\system32;C:\Windows;C:\Windows\System32\Wbem;C:\Windows\System32\WindowsPowerShell\v1.0\;C:\WINDOWS\system32;C:\WINDOWS;C:\WINDOWS\System32\Wbem;C:\WINDOWS\System32\WindowsPowerShell\v1.0\;C:\Program Files (x86)\Skype\Phone\;C:\Program Files\OpenVPN\bin;C:\Program Files (x86)\PuTTY\;C:\PostgreSQL\pg96\bin;C:\Users\Зверь\AppData\Local\Programs\Python\Python36-32\Scripts;C:\WINDOWS\system32;C:\WINDOWS;C:\WINDOWS\System32\Wbem;C:\WINDOWS\System32\WindowsPowerShell\v1.0\;C:\Program Files\Git\cmd;C:\gradle-3.4.1\bin\;C:\Users\user\AppData\Local\Microsoft\WindowsApps;.
мар 28, 2017 3:21:52 PM org.apache.coyote.AbstractProtocol init
INFO: Initializing ProtocolHandler ["http-bio-8080"]
мар 28, 2017 3:21:52 PM org.apache.coyote.AbstractProtocol init
INFO: Initializing ProtocolHandler ["ajp-bio-8009"]
мар 28, 2017 3:21:52 PM org.apache.catalina.startup.Catalina load
INFO: Initialization processed in 624 ms
мар 28, 2017 3:21:52 PM org.apache.catalina.core.StandardService startInternal
INFO: Starting service Catalina
мар 28, 2017 3:21:52 PM org.apache.catalina.core.StandardEngine startInternal
INFO: Starting Servlet Engine: Apache Tomcat/7.0.62
мар 28, 2017 3:21:52 PM org.apache.catalina.startup.HostConfig deployDirectory
INFO: Deploying web application directory C:\Users\user\studio-projects\tezis_Directory\deploy\tomcat\webapps\app
мар 28, 2017 3:21:52 PM org.apache.tomcat.util.digester.SetPropertiesRule begin
WARNING: [SetPropertiesRule]{Context/Manager} Setting property 'debug' to '0' did not find a matching property.
мар 28, 2017 3:21:52 PM com.haulmont.cuba.core.sys.logging.CubaLog4jConfigurator doConfigure
INFO: Configuring log4j from file:/C:\Users\user\studio-projects\tezis_Directory\deploy\tomcat/conf/log4j.xml
мар 28, 2017 3:21:58 PM org.apache.catalina.startup.HostConfig deployDirectory
INFO: Deployment of web application directory C:\Users\user\studio-projects\tezis_Directory\deploy\tomcat\webapps\app has finished in 5,865 ms
мар 28, 2017 3:21:58 PM org.apache.catalina.startup.HostConfig deployDirectory
INFO: Deploying web application directory C:\Users\user\studio-projects\tezis_Directory\deploy\tomcat\webapps\app-core
мар 28, 2017 3:21:58 PM org.apache.tomcat.util.digester.SetPropertiesRule begin
WARNING: [SetPropertiesRule]{Context/Manager} Setting property 'debug' to '0' did not find a matching property.
мар 28, 2017 3:22:02 PM com.sun.xml.internal.ws.model.JavaMethodImpl freeze
WARNING: Mismatch between Java model and WSDL model found, For wsdl operation {http://russianpost.org/operationhistory}getOperationHistory,There is no matching wsdl fault with detail QName {http://russianpost.org/operationhistory/data}LanguageFaultReason
мар 28, 2017 3:22:12 PM org.apache.catalina.startup.HostConfig deployDirectory
INFO: Deployment of web application directory C:\Users\user\studio-projects\tezis_Directory\deploy\tomcat\webapps\app-core has finished in 14,447 ms
мар 28, 2017 3:22:12 PM org.apache.catalina.startup.HostConfig deployDirectory
INFO: Deploying web application directory C:\Users\user\studio-projects\tezis_Directory\deploy\tomcat\webapps\app-mobile
мар 28, 2017 3:22:12 PM org.apache.tomcat.util.digester.SetPropertiesRule begin
WARNING: [SetPropertiesRule]{Context/Manager} Setting property 'debug' to '0' did not find a matching property.
мар 28, 2017 3:22:14 PM org.apache.catalina.startup.HostConfig deployDirectory
INFO: Deployment of web application directory C:\Users\user\studio-projects\tezis_Directory\deploy\tomcat\webapps\app-mobile has finished in 1,520 ms
мар 28, 2017 3:22:14 PM org.apache.catalina.startup.HostConfig deployDirectory
INFO: Deploying web application directory C:\Users\user\studio-projects\tezis_Directory\deploy\tomcat\webapps\app-portal
мар 28, 2017 3:22:14 PM org.apache.tomcat.util.digester.SetPropertiesRule begin
WARNING: [SetPropertiesRule]{Context/Manager} Setting property 'debug' to '0' did not find a matching property.
мар 28, 2017 3:22:15 PM org.apache.catalina.startup.HostConfig deployDirectory
INFO: Deployment of web application directory C:\Users\user\studio-projects\tezis_Directory\deploy\tomcat\webapps\app-portal has finished in 1,707 ms
мар 28, 2017 3:22:15 PM org.apache.catalina.startup.HostConfig deployDirectory
INFO: Deploying web application directory C:\Users\user\studio-projects\tezis_Directory\deploy\tomcat\webapps\ROOT
мар 28, 2017 3:22:15 PM org.apache.catalina.startup.HostConfig deployDirectory
INFO: Deployment of web application directory C:\Users\user\studio-projects\tezis_Directory\deploy\tomcat\webapps\ROOT has finished in 21 ms
мар 28, 2017 3:22:15 PM org.apache.coyote.AbstractProtocol start
INFO: Starting ProtocolHandler ["http-bio-8080"]
мар 28, 2017 3:22:15 PM org.apache.coyote.AbstractProtocol start
INFO: Starting ProtocolHandler ["ajp-bio-8009"]
мар 28, 2017 3:22:15 PM org.apache.catalina.startup.Catalina start
INFO: Server startup in 23642 ms
мар 28, 2017 3:23:53 PM com.vaadin.server.DefaultDeploymentConfiguration checkProductionMode
WARNING: 
=================================================================
Vaadin is running in DEBUG MODE.
Add productionMode=true to web.xml to disable debug features.
To show debug window, add ?debug to your application URL.
=================================================================
мар 28, 2017 3:30:14 PM org.apache.catalina.core.StandardServer await
INFO: A valid shutdown command was received via the shutdown port. Stopping the Server instance.
мар 28, 2017 3:30:14 PM org.apache.coyote.AbstractProtocol pause
INFO: Pausing ProtocolHandler ["http-bio-8080"]
мар 28, 2017 3:30:14 PM org.apache.coyote.AbstractProtocol pause
INFO: Pausing ProtocolHandler ["ajp-bio-8009"]
мар 28, 2017 3:30:14 PM org.apache.catalina.core.StandardService stopInternal
INFO: Stopping service Catalina
мар 28, 2017 3:30:14 PM org.apache.catalina.loader.WebappClassLoader clearReferencesThreads
SEVERE: The web application [/app] appears to have started a thread named [perf4j-async-stats-appender-sink-CoalescingStatistics] but has failed to stop it. This is very likely to create a memory leak.
мар 28, 2017 3:30:14 PM org.apache.catalina.loader.WebappClassLoader clearReferencesThreads
SEVERE: The web application [/app] appears to have started a thread named [perf4j-async-stats-appender-sink-UICoalescingStatistics] but has failed to stop it. This is very likely to create a memory leak.
мар 28, 2017 3:30:14 PM org.apache.catalina.loader.WebappClassLoader clearReferencesThreads
SEVERE: The web application [/app-core] appears to have started a thread named [Timer-0] but has failed to stop it. This is very likely to create a memory leak.
мар 28, 2017 3:30:14 PM org.apache.catalina.loader.WebappClassLoader checkThreadLocalMapForLeaks
SEVERE: The web application [/app-core] created a ThreadLocal with key of type [com.haulmont.thesis.core.notification.NotificationParamBuilder.] (value [com.haulmont.thesis.core.notification.NotificationParamBuilder$1@9d76c74]) and a value of type [java.util.HashMap] (value [{}]) but failed to remove it when the web application was stopped. Threads are going to be renewed over time to try and avoid a probable memory leak.
мар 28, 2017 3:30:14 PM org.apache.catalina.loader.WebappClassLoader checkThreadLocalMapForLeaks
SEVERE: The web application [/app-core] created a ThreadLocal with key of type [com.haulmont.thesis.core.notification.NotificationParamBuilder.] (value [com.haulmont.thesis.core.notification.NotificationParamBuilder$1@9d76c74]) and a value of type [java.util.HashMap] (value [{}]) but failed to remove it when the web application was stopped. Threads are going to be renewed over time to try and avoid a probable memory leak.
мар 28, 2017 3:30:14 PM org.apache.catalina.loader.WebappClassLoader checkThreadLocalMapForLeaks
SEVERE: The web application [/app-core] created a ThreadLocal with key of type [com.haulmont.thesis.core.notification.NotificationParamBuilder.] (value [com.haulmont.thesis.core.notification.NotificationParamBuilder$1@9d76c74]) and a value of type [java.util.HashMap] (value [{}]) but failed to remove it when the web application was stopped. Threads are going to be renewed over time to try and avoid a probable memory leak.
мар 28, 2017 3:30:14 PM org.apache.coyote.AbstractProtocol stop
INFO: Stopping ProtocolHandler ["http-bio-8080"]
мар 28, 2017 3:30:14 PM org.apache.coyote.AbstractProtocol stop
INFO: Stopping ProtocolHandler ["ajp-bio-8009"]
мар 28, 2017 3:30:14 PM org.apache.coyote.AbstractProtocol destroy
INFO: Destroying ProtocolHandler ["http-bio-8080"]
мар 28, 2017 3:30:14 PM org.apache.coyote.AbstractProtocol destroy
INFO: Destroying ProtocolHandler ["ajp-bio-8009"]
мар 28, 2017 3:30:42 PM org.apache.catalina.core.AprLifecycleListener lifecycleEvent
INFO: The APR based Apache Tomcat Native library which allows optimal performance in production environments was not found on the java.library.path: C:\Program Files\Java\jdk1.8.0_121\bin;C:\WINDOWS\Sun\Java\bin;C:\WINDOWS\system32;C:\WINDOWS;"C:\gradle-3.4.1\bin\";C:\Program Files\python\Scripts\;C:\Program Files\python\;C:\ProgramData\Oracle\Java\javapath;C:\Windows\system32;C:\Windows;C:\Windows\System32\Wbem;C:\Windows\System32\WindowsPowerShell\v1.0\;C:\WINDOWS\system32;C:\WINDOWS;C:\WINDOWS\System32\Wbem;C:\WINDOWS\System32\WindowsPowerShell\v1.0\;C:\Program Files (x86)\Skype\Phone\;C:\Program Files\OpenVPN\bin;C:\Program Files (x86)\PuTTY\;C:\PostgreSQL\pg96\bin;C:\Users\Зверь\AppData\Local\Programs\Python\Python36-32\Scripts;C:\WINDOWS\system32;C:\WINDOWS;C:\WINDOWS\System32\Wbem;C:\WINDOWS\System32\WindowsPowerShell\v1.0\;C:\Program Files\Git\cmd;C:\gradle-3.4.1\bin\;C:\Users\user\AppData\Local\Microsoft\WindowsApps;.
мар 28, 2017 3:30:42 PM org.apache.coyote.AbstractProtocol init
INFO: Initializing ProtocolHandler ["http-bio-8080"]
мар 28, 2017 3:30:42 PM org.apache.coyote.AbstractProtocol init
INFO: Initializing ProtocolHandler ["ajp-bio-8009"]
мар 28, 2017 3:30:42 PM org.apache.catalina.startup.Catalina load
INFO: Initialization processed in 498 ms
мар 28, 2017 3:30:42 PM org.apache.catalina.core.StandardService startInternal
INFO: Starting service Catalina
мар 28, 2017 3:30:42 PM org.apache.catalina.core.StandardEngine startInternal
INFO: Starting Servlet Engine: Apache Tomcat/7.0.62
мар 28, 2017 3:30:42 PM org.apache.catalina.startup.HostConfig deployDirectory
INFO: Deploying web application directory C:\Users\user\studio-projects\tezis_Directory\deploy\tomcat\webapps\app
мар 28, 2017 3:30:42 PM org.apache.tomcat.util.digester.SetPropertiesRule begin
WARNING: [SetPropertiesRule]{Context/Manager} Setting property 'debug' to '0' did not find a matching property.
мар 28, 2017 3:30:43 PM com.haulmont.cuba.core.sys.logging.CubaLog4jConfigurator doConfigure
INFO: Configuring log4j from file:/C:\Users\user\studio-projects\tezis_Directory\deploy\tomcat/conf/log4j.xml
мар 28, 2017 3:30:49 PM org.apache.catalina.startup.HostConfig deployDirectory
INFO: Deployment of web application directory C:\Users\user\studio-projects\tezis_Directory\deploy\tomcat\webapps\app has finished in 6,984 ms
мар 28, 2017 3:30:49 PM org.apache.catalina.startup.HostConfig deployDirectory
INFO: Deploying web application directory C:\Users\user\studio-projects\tezis_Directory\deploy\tomcat\webapps\app-core
мар 28, 2017 3:30:49 PM org.apache.tomcat.util.digester.SetPropertiesRule begin
WARNING: [SetPropertiesRule]{Context/Manager} Setting property 'debug' to '0' did not find a matching property.
мар 28, 2017 3:30:53 PM com.sun.xml.internal.ws.model.JavaMethodImpl freeze
WARNING: Mismatch between Java model and WSDL model found, For wsdl operation {http://russianpost.org/operationhistory}getOperationHistory,There is no matching wsdl fault with detail QName {http://russianpost.org/operationhistory/data}LanguageFaultReason
мар 28, 2017 3:31:05 PM org.apache.catalina.startup.HostConfig deployDirectory
INFO: Deployment of web application directory C:\Users\user\studio-projects\tezis_Directory\deploy\tomcat\webapps\app-core has finished in 15,909 ms
мар 28, 2017 3:31:05 PM org.apache.catalina.startup.HostConfig deployDirectory
INFO: Deploying web application directory C:\Users\user\studio-projects\tezis_Directory\deploy\tomcat\webapps\app-mobile
мар 28, 2017 3:31:05 PM org.apache.tomcat.util.digester.SetPropertiesRule begin
WARNING: [SetPropertiesRule]{Context/Manager} Setting property 'debug' to '0' did not find a matching property.
мар 28, 2017 3:31:07 PM org.apache.catalina.startup.HostConfig deployDirectory
INFO: Deployment of web application directory C:\Users\user\studio-projects\tezis_Directory\deploy\tomcat\webapps\app-mobile has finished in 1,843 ms
мар 28, 2017 3:31:07 PM org.apache.catalina.startup.HostConfig deployDirectory
INFO: Deploying web application directory C:\Users\user\studio-projects\tezis_Directory\deploy\tomcat\webapps\app-portal
мар 28, 2017 3:31:07 PM org.apache.tomcat.util.digester.SetPropertiesRule begin
WARNING: [SetPropertiesRule]{Context/Manager} Setting property 'debug' to '0' did not find a matching property.
мар 28, 2017 3:31:09 PM org.apache.catalina.startup.HostConfig deployDirectory
INFO: Deployment of web application directory C:\Users\user\studio-projects\tezis_Directory\deploy\tomcat\webapps\app-portal has finished in 2,170 ms
мар 28, 2017 3:31:09 PM org.apache.catalina.startup.HostConfig deployDirectory
INFO: Deploying web application directory C:\Users\user\studio-projects\tezis_Directory\deploy\tomcat\webapps\ROOT
мар 28, 2017 3:31:09 PM org.apache.catalina.startup.HostConfig deployDirectory
INFO: Deployment of web application directory C:\Users\user\studio-projects\tezis_Directory\deploy\tomcat\webapps\ROOT has finished in 22 ms
мар 28, 2017 3:31:09 PM org.apache.coyote.AbstractProtocol start
INFO: Starting ProtocolHandler ["http-bio-8080"]
мар 28, 2017 3:31:09 PM org.apache.coyote.AbstractProtocol start
INFO: Starting ProtocolHandler ["ajp-bio-8009"]
мар 28, 2017 3:31:09 PM org.apache.catalina.startup.Catalina start
INFO: Server startup in 27030 ms
мар 28, 2017 3:33:00 PM com.vaadin.server.DefaultDeploymentConfiguration checkProductionMode
WARNING: 
=================================================================
Vaadin is running in DEBUG MODE.
Add productionMode=true to web.xml to disable debug features.
To show debug window, add ?debug to your application URL.
=================================================================
мар 28, 2017 3:34:19 PM org.apache.catalina.core.StandardServer await
INFO: A valid shutdown command was received via the shutdown port. Stopping the Server instance.
мар 28, 2017 3:34:19 PM org.apache.coyote.AbstractProtocol pause
INFO: Pausing ProtocolHandler ["http-bio-8080"]
мар 28, 2017 3:34:19 PM org.apache.coyote.AbstractProtocol pause
INFO: Pausing ProtocolHandler ["ajp-bio-8009"]
мар 28, 2017 3:34:19 PM org.apache.catalina.core.StandardService stopInternal
INFO: Stopping service Catalina
мар 28, 2017 3:34:19 PM org.apache.catalina.loader.WebappClassLoader clearReferencesThreads
SEVERE: The web application [/app] appears to have started a thread named [perf4j-async-stats-appender-sink-CoalescingStatistics] but has failed to stop it. This is very likely to create a memory leak.
мар 28, 2017 3:34:19 PM org.apache.catalina.loader.WebappClassLoader clearReferencesThreads
SEVERE: The web application [/app] appears to have started a thread named [perf4j-async-stats-appender-sink-UICoalescingStatistics] but has failed to stop it. This is very likely to create a memory leak.
мар 28, 2017 3:34:19 PM org.apache.catalina.loader.WebappClassLoader clearReferencesThreads
SEVERE: The web application [/app-core] appears to have started a thread named [Timer-0] but has failed to stop it. This is very likely to create a memory leak.
мар 28, 2017 3:34:19 PM org.apache.catalina.loader.WebappClassLoader checkThreadLocalMapForLeaks
SEVERE: The web application [/app-core] created a ThreadLocal with key of type [com.haulmont.thesis.core.notification.NotificationParamBuilder.] (value [com.haulmont.thesis.core.notification.NotificationParamBuilder$1@44f2d325]) and a value of type [java.util.HashMap] (value [{}]) but failed to remove it when the web application was stopped. Threads are going to be renewed over time to try and avoid a probable memory leak.
мар 28, 2017 3:34:19 PM org.apache.catalina.loader.WebappClassLoader checkThreadLocalMapForLeaks
SEVERE: The web application [/app-core] created a ThreadLocal with key of type [com.haulmont.thesis.core.notification.NotificationParamBuilder.] (value [com.haulmont.thesis.core.notification.NotificationParamBuilder$1@44f2d325]) and a value of type [java.util.HashMap] (value [{}]) but failed to remove it when the web application was stopped. Threads are going to be renewed over time to try and avoid a probable memory leak.
мар 28, 2017 3:34:19 PM org.apache.catalina.loader.WebappClassLoader checkThreadLocalMapForLeaks
SEVERE: The web application [/app-core] created a ThreadLocal with key of type [com.haulmont.thesis.core.notification.NotificationParamBuilder.] (value [com.haulmont.thesis.core.notification.NotificationParamBuilder$1@44f2d325]) and a value of type [java.util.HashMap] (value [{}]) but failed to remove it when the web application was stopped. Threads are going to be renewed over time to try and avoid a probable memory leak.
мар 28, 2017 3:34:19 PM org.apache.catalina.loader.WebappClassLoader checkThreadLocalMapForLeaks
SEVERE: The web application [/app-core] created a ThreadLocal with key of type [com.haulmont.thesis.core.notification.NotificationParamBuilder.] (value [com.haulmont.thesis.core.notification.NotificationParamBuilder$1@44f2d325]) and a value of type [java.util.HashMap] (value [{}]) but failed to remove it when the web application was stopped. Threads are going to be renewed over time to try and avoid a probable memory leak.
мар 28, 2017 3:34:19 PM org.apache.catalina.loader.WebappClassLoader checkThreadLocalMapForLeaks
SEVERE: The web application [/app-core] created a ThreadLocal with key of type [com.haulmont.thesis.core.notification.NotificationParamBuilder.] (value [com.haulmont.thesis.core.notification.NotificationParamBuilder$1@44f2d325]) and a value of type [java.util.HashMap] (value [{}]) but failed to remove it when the web application was stopped. Threads are going to be renewed over time to try and avoid a probable memory leak.
мар 28, 2017 3:34:19 PM org.apache.coyote.AbstractProtocol stop
INFO: Stopping ProtocolHandler ["http-bio-8080"]
мар 28, 2017 3:34:19 PM org.apache.coyote.AbstractProtocol stop
INFO: Stopping ProtocolHandler ["ajp-bio-8009"]
мар 28, 2017 3:34:19 PM org.apache.coyote.AbstractProtocol destroy
INFO: Destroying ProtocolHandler ["http-bio-8080"]
мар 28, 2017 3:34:19 PM org.apache.coyote.AbstractProtocol destroy
INFO: Destroying ProtocolHandler ["ajp-bio-8009"]
мар 28, 2017 3:34:44 PM org.apache.catalina.core.AprLifecycleListener lifecycleEvent
INFO: The APR based Apache Tomcat Native library which allows optimal performance in production environments was not found on the java.library.path: C:\Program Files\Java\jdk1.8.0_121\bin;C:\WINDOWS\Sun\Java\bin;C:\WINDOWS\system32;C:\WINDOWS;"C:\gradle-3.4.1\bin\";C:\Program Files\python\Scripts\;C:\Program Files\python\;C:\ProgramData\Oracle\Java\javapath;C:\Windows\system32;C:\Windows;C:\Windows\System32\Wbem;C:\Windows\System32\WindowsPowerShell\v1.0\;C:\WINDOWS\system32;C:\WINDOWS;C:\WINDOWS\System32\Wbem;C:\WINDOWS\System32\WindowsPowerShell\v1.0\;C:\Program Files (x86)\Skype\Phone\;C:\Program Files\OpenVPN\bin;C:\Program Files (x86)\PuTTY\;C:\PostgreSQL\pg96\bin;C:\Users\Зверь\AppData\Local\Programs\Python\Python36-32\Scripts;C:\WINDOWS\system32;C:\WINDOWS;C:\WINDOWS\System32\Wbem;C:\WINDOWS\System32\WindowsPowerShell\v1.0\;C:\Program Files\Git\cmd;C:\gradle-3.4.1\bin\;C:\Users\user\AppData\Local\Microsoft\WindowsApps;.
мар 28, 2017 3:34:44 PM org.apache.coyote.AbstractProtocol init
INFO: Initializing ProtocolHandler ["http-bio-8080"]
мар 28, 2017 3:34:44 PM org.apache.coyote.AbstractProtocol init
INFO: Initializing ProtocolHandler ["ajp-bio-8009"]
мар 28, 2017 3:34:44 PM org.apache.catalina.startup.Catalina load
INFO: Initialization processed in 487 ms
мар 28, 2017 3:34:44 PM org.apache.catalina.core.StandardService startInternal
INFO: Starting service Catalina
мар 28, 2017 3:34:44 PM org.apache.catalina.core.StandardEngine startInternal
INFO: Starting Servlet Engine: Apache Tomcat/7.0.62
мар 28, 2017 3:34:44 PM org.apache.catalina.startup.HostConfig deployDirectory
INFO: Deploying web application directory C:\Users\user\studio-projects\tezis_Directory\deploy\tomcat\webapps\app
мар 28, 2017 3:34:45 PM org.apache.tomcat.util.digester.SetPropertiesRule begin
WARNING: [SetPropertiesRule]{Context/Manager} Setting property 'debug' to '0' did not find a matching property.
мар 28, 2017 3:34:45 PM com.haulmont.cuba.core.sys.logging.CubaLog4jConfigurator doConfigure
INFO: Configuring log4j from file:/C:\Users\user\studio-projects\tezis_Directory\deploy\tomcat/conf/log4j.xml
мар 28, 2017 3:34:51 PM org.apache.catalina.startup.HostConfig deployDirectory
INFO: Deployment of web application directory C:\Users\user\studio-projects\tezis_Directory\deploy\tomcat\webapps\app has finished in 6,044 ms
мар 28, 2017 3:34:51 PM org.apache.catalina.startup.HostConfig deployDirectory
INFO: Deploying web application directory C:\Users\user\studio-projects\tezis_Directory\deploy\tomcat\webapps\app-core
мар 28, 2017 3:34:51 PM org.apache.tomcat.util.digester.SetPropertiesRule begin
WARNING: [SetPropertiesRule]{Context/Manager} Setting property 'debug' to '0' did not find a matching property.
мар 28, 2017 3:34:55 PM com.sun.xml.internal.ws.model.JavaMethodImpl freeze
WARNING: Mismatch between Java model and WSDL model found, For wsdl operation {http://russianpost.org/operationhistory}getOperationHistory,There is no matching wsdl fault with detail QName {http://russianpost.org/operationhistory/data}LanguageFaultReason
мар 28, 2017 3:35:07 PM org.apache.catalina.startup.HostConfig deployDirectory
INFO: Deployment of web application directory C:\Users\user\studio-projects\tezis_Directory\deploy\tomcat\webapps\app-core has finished in 16,738 ms
мар 28, 2017 3:35:07 PM org.apache.catalina.startup.HostConfig deployDirectory
INFO: Deploying web application directory C:\Users\user\studio-projects\tezis_Directory\deploy\tomcat\webapps\app-mobile
мар 28, 2017 3:35:07 PM org.apache.tomcat.util.digester.SetPropertiesRule begin
WARNING: [SetPropertiesRule]{Context/Manager} Setting property 'debug' to '0' did not find a matching property.
мар 28, 2017 3:35:09 PM org.apache.catalina.startup.HostConfig deployDirectory
INFO: Deployment of web application directory C:\Users\user\studio-projects\tezis_Directory\deploy\tomcat\webapps\app-mobile has finished in 2,162 ms
мар 28, 2017 3:35:09 PM org.apache.catalina.startup.HostConfig deployDirectory
INFO: Deploying web application directory C:\Users\user\studio-projects\tezis_Directory\deploy\tomcat\webapps\app-portal
мар 28, 2017 3:35:09 PM org.apache.tomcat.util.digester.SetPropertiesRule begin
WARNING: [SetPropertiesRule]{Context/Manager} Setting property 'debug' to '0' did not find a matching property.
мар 28, 2017 3:35:11 PM org.apache.catalina.startup.HostConfig deployDirectory
INFO: Deployment of web application directory C:\Users\user\studio-projects\tezis_Directory\deploy\tomcat\webapps\app-portal has finished in 1,998 ms
мар 28, 2017 3:35:11 PM org.apache.catalina.startup.HostConfig deployDirectory
INFO: Deploying web application directory C:\Users\user\studio-projects\tezis_Directory\deploy\tomcat\webapps\ROOT
мар 28, 2017 3:35:11 PM org.apache.catalina.startup.HostConfig deployDirectory
INFO: Deployment of web application directory C:\Users\user\studio-projects\tezis_Directory\deploy\tomcat\webapps\ROOT has finished in 20 ms
мар 28, 2017 3:35:11 PM org.apache.coyote.AbstractProtocol start
INFO: Starting ProtocolHandler ["http-bio-8080"]
мар 28, 2017 3:35:11 PM org.apache.coyote.AbstractProtocol start
INFO: Starting ProtocolHandler ["ajp-bio-8009"]
мар 28, 2017 3:35:11 PM org.apache.catalina.startup.Catalina start
INFO: Server startup in 27057 ms
мар 28, 2017 3:36:53 PM com.vaadin.server.DefaultDeploymentConfiguration checkProductionMode
WARNING: 
=================================================================
Vaadin is running in DEBUG MODE.
Add productionMode=true to web.xml to disable debug features.
To show debug window, add ?debug to your application URL.
=================================================================
